  BankSystem.cpp
C:\Users\mahmo\source\repos\BankSystem\BankSystem\BankSystem.cpp(4,10): warning C4067: unexpected tokens following preprocessor directive - expected a newline
C:\Users\mahmo\source\repos\BankSystem\BankSystem\Lib\clsString.h(44,24): warning C4267: '=': conversion from 'size_t' to 'short', possible loss of data
  (compiling source file 'BankSystem.cpp')
  
C:\Users\mahmo\source\repos\BankSystem\BankSystem\Lib\clsString.h(120,25): warning C4267: '=': conversion from 'size_t' to 'short', possible loss of data
  (compiling source file 'BankSystem.cpp')
  
C:\Users\mahmo\source\repos\BankSystem\BankSystem\Lib\clsString.h(159,14): warning C4267: 'initializing': conversion from 'size_t' to 'int', possible loss of data
  (compiling source file 'BankSystem.cpp')
  
C:\Users\mahmo\source\repos\BankSystem\BankSystem\Lib\clsString.h(213,13): warning C4267: 'initializing': conversion from 'size_t' to 'short', possible loss of data
  (compiling source file 'BankSystem.cpp')
  
C:\Users\mahmo\source\repos\BankSystem\BankSystem\Lib\clsString.h(218,18): warning C4267: '=': conversion from 'size_t' to 'short', possible loss of data
  (compiling source file 'BankSystem.cpp')
  
C:\Users\mahmo\source\repos\BankSystem\BankSystem\BankSystem.cpp(5,10): warning C4067: unexpected tokens following preprocessor directive - expected a newline
C:\Users\mahmo\source\repos\BankSystem\BankSystem\BankSystem.cpp(6,10): warning C4067: unexpected tokens following preprocessor directive - expected a newline
C:\Users\mahmo\source\repos\BankSystem\BankSystem\Lib\clsInputValidate.h(101,16): warning C4244: 'initializing': conversion from 'double' to 'float', possible loss of data
  (compiling source file 'BankSystem.cpp')
  
C:\Users\mahmo\source\repos\BankSystem\BankSystem\Lib\clsInputValidate.h(105,26): warning C4244: '=': conversion from 'double' to 'float', possible loss of data
  (compiling source file 'BankSystem.cpp')
  
C:\Users\mahmo\source\repos\BankSystem\BankSystem\BankSystem.cpp(7,10): warning C4067: unexpected tokens following preprocessor directive - expected a newline
C:\Users\mahmo\source\repos\BankSystem\BankSystem\Core\clsBankClient.h(7,9): warning C4067: unexpected tokens following preprocessor directive - expected a newline
  (compiling source file 'BankSystem.cpp')
  
C:\Users\mahmo\source\repos\BankSystem\BankSystem\Core\clsBankClient.h(8,9): warning C4067: unexpected tokens following preprocessor directive - expected a newline
  (compiling source file 'BankSystem.cpp')
  
C:\Users\mahmo\source\repos\BankSystem\BankSystem\Core\clsBankClient.h(9,10): warning C4067: unexpected tokens following preprocessor directive - expected a newline
  (compiling source file 'BankSystem.cpp')
  
C:\Users\mahmo\source\repos\BankSystem\BankSystem\Screens\Helpers\clsScreen.h(3,10): warning C4067: unexpected tokens following preprocessor directive - expected a newline
  (compiling source file 'BankSystem.cpp')
  
C:\Users\mahmo\source\repos\BankSystem\BankSystem\Core\Global.h(3,10): warning C4067: unexpected tokens following preprocessor directive - expected a newline
  (compiling source file 'BankSystem.cpp')
  
C:\Users\mahmo\source\repos\BankSystem\BankSystem\Core\clsUser.h(8,10): warning C4067: unexpected tokens following preprocessor directive - expected a newline
  (compiling source file 'BankSystem.cpp')
  
C:\Users\mahmo\source\repos\BankSystem\BankSystem\Core\clsUser.h(9,10): warning C4067: unexpected tokens following preprocessor directive - expected a newline
  (compiling source file 'BankSystem.cpp')
  
C:\Users\mahmo\source\repos\BankSystem\BankSystem\Core\clsUser.h(133,19): warning C4240: nonstandard extension used: access to 'clsUser::stLoginRegisterRecord' now defined to be 'public', previously it was defined to be 'private'
  (compiling source file 'BankSystem.cpp')
      C:\Users\mahmo\source\repos\BankSystem\BankSystem\Core\clsUser.h(40,12):
      see declaration of 'clsUser::stLoginRegisterRecord'
  
C:\Users\mahmo\source\repos\BankSystem\BankSystem\Core\clsUser.h(133,19): warning C4091: 'static ': ignored on left of 'clsUser::stLoginRegisterRecord' when no variable is declared
  (compiling source file 'BankSystem.cpp')
  
C:\Users\mahmo\source\repos\BankSystem\BankSystem\Screens\Helpers\clsScreen.h(4,10): warning C4067: unexpected tokens following preprocessor directive - expected a newline
  (compiling source file 'BankSystem.cpp')
  
C:\Users\mahmo\source\repos\BankSystem\BankSystem\Core\clsBankClient.h(194,9): warning C4240: nonstandard extension used: access to 'clsBankClient::stTransferLogRecord' now defined to be 'public', previously it was defined to be 'private'
  (compiling source file 'BankSystem.cpp')
      C:\Users\mahmo\source\repos\BankSystem\BankSystem\Core\clsBankClient.h(175,9):
      see declaration of 'clsBankClient::stTransferLogRecord'
  
C:\Users\mahmo\source\repos\BankSystem\BankSystem\Core\clsBankClient.h(30,62): warning C4244: 'argument': conversion from 'double' to 'float', possible loss of data
  (compiling source file 'BankSystem.cpp')
  
C:\Users\mahmo\source\repos\BankSystem\BankSystem\Core\clsBankClient.h(50,31): warning C4244: 'argument': conversion from 'double' to 'float', possible loss of data
  (compiling source file 'BankSystem.cpp')
  
C:\Users\mahmo\source\repos\BankSystem\BankSystem\Core\clsBankClient.h(403,18): warning C4244: 'argument': conversion from 'double' to 'float', possible loss of data
  (compiling source file 'BankSystem.cpp')
  
C:\Users\mahmo\source\repos\BankSystem\BankSystem\Core\clsBankClient.h(415,20): warning C4244: 'argument': conversion from 'double' to 'float', possible loss of data
  (compiling source file 'BankSystem.cpp')
  
C:\Users\mahmo\source\repos\BankSystem\BankSystem\BankSystem.cpp(11,10): warning C4067: unexpected tokens following preprocessor directive - expected a newline
C:\Users\mahmo\source\repos\BankSystem\BankSystem\Screens\Main\clsMainScreen.h(3,10): warning C4067: unexpected tokens following preprocessor directive - expected a newline
  (compiling source file 'BankSystem.cpp')
  
C:\Users\mahmo\source\repos\BankSystem\BankSystem\Screens\Main\clsMainScreen.h(4,10): warning C4067: unexpected tokens following preprocessor directive - expected a newline
  (compiling source file 'BankSystem.cpp')
  
C:\Users\mahmo\source\repos\BankSystem\BankSystem\Screens\Main\clsMainScreen.h(6,10): warning C4067: unexpected tokens following preprocessor directive - expected a newline
  (compiling source file 'BankSystem.cpp')
  
C:\Users\mahmo\source\repos\BankSystem\BankSystem\Screens\Main\clsMainScreen.h(7,10): warning C4067: unexpected tokens following preprocessor directive - expected a newline
  (compiling source file 'BankSystem.cpp')
  
C:\Users\mahmo\source\repos\BankSystem\BankSystem\Screens\ClientScreens\clsClientListScreen.h(3,10): warning C4067: unexpected tokens following preprocessor directive - expected a newline
  (compiling source file 'BankSystem.cpp')
  
C:\Users\mahmo\source\repos\BankSystem\BankSystem\Screens\ClientScreens\clsClientListScreen.h(5,10): warning C4067: unexpected tokens following preprocessor directive - expected a newline
  (compiling source file 'BankSystem.cpp')
  
C:\Users\mahmo\source\repos\BankSystem\BankSystem\Screens\ClientScreens\clsClientListScreen.h(6,10): warning C4067: unexpected tokens following preprocessor directive - expected a newline
  (compiling source file 'BankSystem.cpp')
  
C:\Users\mahmo\source\repos\BankSystem\BankSystem\Screens\Main\clsMainScreen.h(8,10): warning C4067: unexpected tokens following preprocessor directive - expected a newline
  (compiling source file 'BankSystem.cpp')
  
C:\Users\mahmo\source\repos\BankSystem\BankSystem\Screens\ClientScreens\clsAddNewClientScreen.h(3,10): warning C4067: unexpected tokens following preprocessor directive - expected a newline
  (compiling source file 'BankSystem.cpp')
  
C:\Users\mahmo\source\repos\BankSystem\BankSystem\Screens\ClientScreens\clsAddNewClientScreen.h(4,10): warning C4067: unexpected tokens following preprocessor directive - expected a newline
  (compiling source file 'BankSystem.cpp')
  
C:\Users\mahmo\source\repos\BankSystem\BankSystem\Screens\ClientScreens\clsAddNewClientScreen.h(5,10): warning C4067: unexpected tokens following preprocessor directive - expected a newline
  (compiling source file 'BankSystem.cpp')
  
C:\Users\mahmo\source\repos\BankSystem\BankSystem\Screens\ClientScreens\clsAddNewClientScreen.h(31,60): warning C4244: 'argument': conversion from 'double' to 'float', possible loss of data
  (compiling source file 'BankSystem.cpp')
  
C:\Users\mahmo\source\repos\BankSystem\BankSystem\Screens\Main\clsMainScreen.h(9,10): warning C4067: unexpected tokens following preprocessor directive - expected a newline
  (compiling source file 'BankSystem.cpp')
  
C:\Users\mahmo\source\repos\BankSystem\BankSystem\Screens\ClientScreens\clsDeleteClientScreen.h(3,10): warning C4067: unexpected tokens following preprocessor directive - expected a newline
  (compiling source file 'BankSystem.cpp')
  
C:\Users\mahmo\source\repos\BankSystem\BankSystem\Screens\ClientScreens\clsDeleteClientScreen.h(4,10): warning C4067: unexpected tokens following preprocessor directive - expected a newline
  (compiling source file 'BankSystem.cpp')
  
C:\Users\mahmo\source\repos\BankSystem\BankSystem\Screens\ClientScreens\clsDeleteClientScreen.h(5,10): warning C4067: unexpected tokens following preprocessor directive - expected a newline
  (compiling source file 'BankSystem.cpp')
  
C:\Users\mahmo\source\repos\BankSystem\BankSystem\Screens\Main\clsMainScreen.h(10,10): warning C4067: unexpected tokens following preprocessor directive - expected a newline
  (compiling source file 'BankSystem.cpp')
  
C:\Users\mahmo\source\repos\BankSystem\BankSystem\Screens\ClientScreens\clsUpdateClientScreen.h(3,10): warning C4067: unexpected tokens following preprocessor directive - expected a newline
  (compiling source file 'BankSystem.cpp')
  
C:\Users\mahmo\source\repos\BankSystem\BankSystem\Screens\ClientScreens\clsUpdateClientScreen.h(4,10): warning C4067: unexpected tokens following preprocessor directive - expected a newline
  (compiling source file 'BankSystem.cpp')
  
C:\Users\mahmo\source\repos\BankSystem\BankSystem\Screens\ClientScreens\clsUpdateClientScreen.h(5,10): warning C4067: unexpected tokens following preprocessor directive - expected a newline
  (compiling source file 'BankSystem.cpp')
  
C:\Users\mahmo\source\repos\BankSystem\BankSystem\Screens\ClientScreens\clsUpdateClientScreen.h(45,60): warning C4244: 'argument': conversion from 'double' to 'float', possible loss of data
  (compiling source file 'BankSystem.cpp')
  
C:\Users\mahmo\source\repos\BankSystem\BankSystem\Screens\Main\clsMainScreen.h(11,10): warning C4067: unexpected tokens following preprocessor directive - expected a newline
  (compiling source file 'BankSystem.cpp')
  
C:\Users\mahmo\source\repos\BankSystem\BankSystem\Screens\ClientScreens\clsFindClientScreen.h(3,10): warning C4067: unexpected tokens following preprocessor directive - expected a newline
  (compiling source file 'BankSystem.cpp')
  
C:\Users\mahmo\source\repos\BankSystem\BankSystem\Screens\ClientScreens\clsFindClientScreen.h(4,10): warning C4067: unexpected tokens following preprocessor directive - expected a newline
  (compiling source file 'BankSystem.cpp')
  
C:\Users\mahmo\source\repos\BankSystem\BankSystem\Screens\ClientScreens\clsFindClientScreen.h(5,10): warning C4067: unexpected tokens following preprocessor directive - expected a newline
  (compiling source file 'BankSystem.cpp')
  
C:\Users\mahmo\source\repos\BankSystem\BankSystem\Screens\Main\clsMainScreen.h(12,10): warning C4067: unexpected tokens following preprocessor directive - expected a newline
  (compiling source file 'BankSystem.cpp')
  
C:\Users\mahmo\source\repos\BankSystem\BankSystem\Screens\TransactionsScreens\clsTransactionScreen.h(3,10): warning C4067: unexpected tokens following preprocessor directive - expected a newline
  (compiling source file 'BankSystem.cpp')
  
C:\Users\mahmo\source\repos\BankSystem\BankSystem\Screens\TransactionsScreens\clsTransactionScreen.h(4,10): warning C4067: unexpected tokens following preprocessor directive - expected a newline
  (compiling source file 'BankSystem.cpp')
  
C:\Users\mahmo\source\repos\BankSystem\BankSystem\Screens\TransactionsScreens\clsTransactionScreen.h(6,9): warning C4067: unexpected tokens following preprocessor directive - expected a newline
  (compiling source file 'BankSystem.cpp')
  
C:\Users\mahmo\source\repos\BankSystem\BankSystem\Screens\TransactionsScreens\clsTransactionScreen.h(7,10): warning C4067: unexpected tokens following preprocessor directive - expected a newline
  (compiling source file 'BankSystem.cpp')
  
C:\Users\mahmo\source\repos\BankSystem\BankSystem\Screens\TransactionsScreens\clsTransactionScreen.h(8,10): warning C4067: unexpected tokens following preprocessor directive - expected a newline
  (compiling source file 'BankSystem.cpp')
  
C:\Users\mahmo\source\repos\BankSystem\BankSystem\Screens\TransactionsScreens\clsDepositeScreen.h(3,10): warning C4067: unexpected tokens following preprocessor directive - expected a newline
  (compiling source file 'BankSystem.cpp')
  
C:\Users\mahmo\source\repos\BankSystem\BankSystem\Screens\TransactionsScreens\clsDepositeScreen.h(4,10): warning C4067: unexpected tokens following preprocessor directive - expected a newline
  (compiling source file 'BankSystem.cpp')
  
C:\Users\mahmo\source\repos\BankSystem\BankSystem\Screens\TransactionsScreens\clsDepositeScreen.h(5,10): warning C4067: unexpected tokens following preprocessor directive - expected a newline
  (compiling source file 'BankSystem.cpp')
  
C:\Users\mahmo\source\repos\BankSystem\BankSystem\Screens\TransactionsScreens\clsTransactionScreen.h(9,10): warning C4067: unexpected tokens following preprocessor directive - expected a newline
  (compiling source file 'BankSystem.cpp')
  
C:\Users\mahmo\source\repos\BankSystem\BankSystem\Screens\TransactionsScreens\clsWithdrewScreen.h(3,10): warning C4067: unexpected tokens following preprocessor directive - expected a newline
  (compiling source file 'BankSystem.cpp')
  
C:\Users\mahmo\source\repos\BankSystem\BankSystem\Screens\TransactionsScreens\clsWithdrewScreen.h(4,10): warning C4067: unexpected tokens following preprocessor directive - expected a newline
  (compiling source file 'BankSystem.cpp')
  
C:\Users\mahmo\source\repos\BankSystem\BankSystem\Screens\TransactionsScreens\clsWithdrewScreen.h(5,10): warning C4067: unexpected tokens following preprocessor directive - expected a newline
  (compiling source file 'BankSystem.cpp')
  
C:\Users\mahmo\source\repos\BankSystem\BankSystem\Screens\TransactionsScreens\clsWithdrewScreen.h(6,10): warning C4067: unexpected tokens following preprocessor directive - expected a newline
  (compiling source file 'BankSystem.cpp')
  
C:\Users\mahmo\source\repos\BankSystem\BankSystem\Screens\TransactionsScreens\clsTransactionScreen.h(10,10): warning C4067: unexpected tokens following preprocessor directive - expected a newline
  (compiling source file 'BankSystem.cpp')
  
C:\Users\mahmo\source\repos\BankSystem\BankSystem\Screens\ClientScreens\clsTotalBalancesScreen.h(3,10): warning C4067: unexpected tokens following preprocessor directive - expected a newline
  (compiling source file 'BankSystem.cpp')
  
C:\Users\mahmo\source\repos\BankSystem\BankSystem\Screens\ClientScreens\clsTotalBalancesScreen.h(4,10): warning C4067: unexpected tokens following preprocessor directive - expected a newline
  (compiling source file 'BankSystem.cpp')
  
C:\Users\mahmo\source\repos\BankSystem\BankSystem\Screens\ClientScreens\clsTotalBalancesScreen.h(5,10): warning C4067: unexpected tokens following preprocessor directive - expected a newline
  (compiling source file 'BankSystem.cpp')
  
C:\Users\mahmo\source\repos\BankSystem\BankSystem\Screens\ClientScreens\clsTotalBalancesScreen.h(6,10): warning C4067: unexpected tokens following preprocessor directive - expected a newline
  (compiling source file 'BankSystem.cpp')
  
C:\Users\mahmo\source\repos\BankSystem\BankSystem\Screens\ClientScreens\clsTotalBalancesScreen.h(54,51): warning C4244: 'argument': conversion from 'double' to 'int', possible loss of data
  (compiling source file 'BankSystem.cpp')
  
C:\Users\mahmo\source\repos\BankSystem\BankSystem\Screens\TransactionsScreens\clsTransactionScreen.h(11,10): warning C4067: unexpected tokens following preprocessor directive - expected a newline
  (compiling source file 'BankSystem.cpp')
  
C:\Users\mahmo\source\repos\BankSystem\BankSystem\Screens\TransactionsScreens\clsTransferScreen.h(3,10): warning C4067: unexpected tokens following preprocessor directive - expected a newline
  (compiling source file 'BankSystem.cpp')
  
C:\Users\mahmo\source\repos\BankSystem\BankSystem\Screens\TransactionsScreens\clsTransferScreen.h(4,10): warning C4067: unexpected tokens following preprocessor directive - expected a newline
  (compiling source file 'BankSystem.cpp')
  
C:\Users\mahmo\source\repos\BankSystem\BankSystem\Screens\TransactionsScreens\clsTransferScreen.h(32,45): warning C4244: '=': conversion from 'double' to 'float', possible loss of data
  (compiling source file 'BankSystem.cpp')
  
C:\Users\mahmo\source\repos\BankSystem\BankSystem\Screens\TransactionsScreens\clsTransferScreen.h(37,44): warning C4244: '=': conversion from 'double' to 'float', possible loss of data
  (compiling source file 'BankSystem.cpp')
  
C:\Users\mahmo\source\repos\BankSystem\BankSystem\Screens\TransactionsScreens\clsTransactionScreen.h(12,10): warning C4067: unexpected tokens following preprocessor directive - expected a newline
  (compiling source file 'BankSystem.cpp')
  
C:\Users\mahmo\source\repos\BankSystem\BankSystem\Screens\LogScreens\clsTransferLogScreen.h(4,10): warning C4067: unexpected tokens following preprocessor directive - expected a newline
  (compiling source file 'BankSystem.cpp')
  
C:\Users\mahmo\source\repos\BankSystem\BankSystem\Screens\TransactionsScreens\clsTransactionScreen.h(118,38): warning C4129: 'T': unrecognized character escape sequence
  (compiling source file 'BankSystem.cpp')
  
C:\Users\mahmo\source\repos\BankSystem\BankSystem\Screens\Main\clsMainScreen.h(13,10): warning C4067: unexpected tokens following preprocessor directive - expected a newline
  (compiling source file 'BankSystem.cpp')
  
C:\Users\mahmo\source\repos\BankSystem\BankSystem\Screens\UserScreens\clsManageUserScreen.h(3,10): warning C4067: unexpected tokens following preprocessor directive - expected a newline
  (compiling source file 'BankSystem.cpp')
  
C:\Users\mahmo\source\repos\BankSystem\BankSystem\Screens\UserScreens\clsManageUserScreen.h(4,10): warning C4067: unexpected tokens following preprocessor directive - expected a newline
  (compiling source file 'BankSystem.cpp')
  
C:\Users\mahmo\source\repos\BankSystem\BankSystem\Screens\UserScreens\clsManageUserScreen.h(6,9): warning C4067: unexpected tokens following preprocessor directive - expected a newline
  (compiling source file 'BankSystem.cpp')
  
C:\Users\mahmo\source\repos\BankSystem\BankSystem\Screens\UserScreens\clsManageUserScreen.h(7,9): warning C4067: unexpected tokens following preprocessor directive - expected a newline
  (compiling source file 'BankSystem.cpp')
  
C:\Users\mahmo\source\repos\BankSystem\BankSystem\Screens\UserScreens\clsManageUserScreen.h(8,10): warning C4067: unexpected tokens following preprocessor directive - expected a newline
  (compiling source file 'BankSystem.cpp')
  
C:\Users\mahmo\source\repos\BankSystem\BankSystem\Screens\UserScreens\clsManageUserScreen.h(9,10): warning C4067: unexpected tokens following preprocessor directive - expected a newline
  (compiling source file 'BankSystem.cpp')
  
C:\Users\mahmo\source\repos\BankSystem\BankSystem\Screens\UserScreens\clsManageUserScreen.h(10,9): warning C4067: unexpected tokens following preprocessor directive - expected a newline
  (compiling source file 'BankSystem.cpp')
  
C:\Users\mahmo\source\repos\BankSystem\BankSystem\Screens\UserScreens\clsManageUserScreen.h(11,10): warning C4067: unexpected tokens following preprocessor directive - expected a newline
  (compiling source file 'BankSystem.cpp')
  
C:\Users\mahmo\source\repos\BankSystem\BankSystem\Screens\UserScreens\clsManageUserScreen.h(12,10): warning C4067: unexpected tokens following preprocessor directive - expected a newline
  (compiling source file 'BankSystem.cpp')
  
C:\Users\mahmo\source\repos\BankSystem\BankSystem\Screens\UserScreens\clsManageUserScreen.h(13,10): warning C4067: unexpected tokens following preprocessor directive - expected a newline
  (compiling source file 'BankSystem.cpp')
  
C:\Users\mahmo\source\repos\BankSystem\BankSystem\Screens\UserScreens\clsManageUserScreen.h(14,10): warning C4067: unexpected tokens following preprocessor directive - expected a newline
  (compiling source file 'BankSystem.cpp')
  
C:\Users\mahmo\source\repos\BankSystem\BankSystem\Screens\UserScreens\clsManageUserScreen.h(15,10): warning C4067: unexpected tokens following preprocessor directive - expected a newline
  (compiling source file 'BankSystem.cpp')
  
C:\Users\mahmo\source\repos\BankSystem\BankSystem\Screens\UserScreens\clsDeleteUserScreen.h(3,10): warning C4067: unexpected tokens following preprocessor directive - expected a newline
  (compiling source file 'BankSystem.cpp')
  
C:\Users\mahmo\source\repos\BankSystem\BankSystem\Screens\UserScreens\clsDeleteUserScreen.h(4,10): warning C4067: unexpected tokens following preprocessor directive - expected a newline
  (compiling source file 'BankSystem.cpp')
  
C:\Users\mahmo\source\repos\BankSystem\BankSystem\Screens\UserScreens\clsDeleteUserScreen.h(5,10): warning C4067: unexpected tokens following preprocessor directive - expected a newline
  (compiling source file 'BankSystem.cpp')
  
C:\Users\mahmo\source\repos\BankSystem\BankSystem\Screens\UserScreens\clsManageUserScreen.h(16,10): warning C4067: unexpected tokens following preprocessor directive - expected a newline
  (compiling source file 'BankSystem.cpp')
  
C:\Users\mahmo\source\repos\BankSystem\BankSystem\Screens\UserScreens\clsManageUserScreen.h(133,38): warning C4129: 'M': unrecognized character escape sequence
  (compiling source file 'BankSystem.cpp')
  
C:\Users\mahmo\source\repos\BankSystem\BankSystem\Screens\Main\clsMainScreen.h(14,10): warning C4067: unexpected tokens following preprocessor directive - expected a newline
  (compiling source file 'BankSystem.cpp')
  
C:\Users\mahmo\source\repos\BankSystem\BankSystem\Screens\Main\clsMainScreen.h(15,10): warning C4067: unexpected tokens following preprocessor directive - expected a newline
  (compiling source file 'BankSystem.cpp')
  
C:\Users\mahmo\source\repos\BankSystem\BankSystem\Screens\LogScreens\clsLoginRegesterScreen.h(4,10): warning C4067: unexpected tokens following preprocessor directive - expected a newline
  (compiling source file 'BankSystem.cpp')
  
C:\Users\mahmo\source\repos\BankSystem\BankSystem\Screens\LogScreens\clsLoginRegesterScreen.h(5,10): warning C4067: unexpected tokens following preprocessor directive - expected a newline
  (compiling source file 'BankSystem.cpp')
  
C:\Users\mahmo\source\repos\BankSystem\BankSystem\Screens\Main\clsMainScreen.h(16,10): warning C4067: unexpected tokens following preprocessor directive - expected a newline
  (compiling source file 'BankSystem.cpp')
  
C:\Users\mahmo\source\repos\BankSystem\BankSystem\Screens\CurrenciesScreens\clsCurrencyExchangeScreen.h(4,10): warning C4067: unexpected tokens following preprocessor directive - expected a newline
  (compiling source file 'BankSystem.cpp')
  
C:\Users\mahmo\source\repos\BankSystem\BankSystem\Core\clsCurrency.h(6,10): warning C4067: unexpected tokens following preprocessor directive - expected a newline
  (compiling source file 'BankSystem.cpp')
  
C:\Users\mahmo\source\repos\BankSystem\BankSystem\Screens\CurrenciesScreens\clsCurrencyExchangeScreen.h(5,10): warning C4067: unexpected tokens following preprocessor directive - expected a newline
  (compiling source file 'BankSystem.cpp')
  
C:\Users\mahmo\source\repos\BankSystem\BankSystem\Screens\CurrenciesScreens\clsCurrencyExchangeScreen.h(6,10): warning C4067: unexpected tokens following preprocessor directive - expected a newline
  (compiling source file 'BankSystem.cpp')
  
C:\Users\mahmo\source\repos\BankSystem\BankSystem\Screens\CurrenciesScreens\clsCurrencyExchangeScreen.h(7,10): warning C4067: unexpected tokens following preprocessor directive - expected a newline
  (compiling source file 'BankSystem.cpp')
  
C:\Users\mahmo\source\repos\BankSystem\BankSystem\Screens\CurrenciesScreens\clsListCurrencyScreen.h(4,10): warning C4067: unexpected tokens following preprocessor directive - expected a newline
  (compiling source file 'BankSystem.cpp')
  
C:\Users\mahmo\source\repos\BankSystem\BankSystem\Screens\CurrenciesScreens\clsListCurrencyScreen.h(5,10): warning C4067: unexpected tokens following preprocessor directive - expected a newline
  (compiling source file 'BankSystem.cpp')
  
C:\Users\mahmo\source\repos\BankSystem\BankSystem\Screens\CurrenciesScreens\clsCurrencyExchangeScreen.h(8,10): warning C4067: unexpected tokens following preprocessor directive - expected a newline
  (compiling source file 'BankSystem.cpp')
  
C:\Users\mahmo\source\repos\BankSystem\BankSystem\Screens\CurrenciesScreens\clsFindCurrencyScreen.h(4,10): warning C4067: unexpected tokens following preprocessor directive - expected a newline
  (compiling source file 'BankSystem.cpp')
  
C:\Users\mahmo\source\repos\BankSystem\BankSystem\Screens\CurrenciesScreens\clsFindCurrencyScreen.h(5,10): warning C4067: unexpected tokens following preprocessor directive - expected a newline
  (compiling source file 'BankSystem.cpp')
  
C:\Users\mahmo\source\repos\BankSystem\BankSystem\Screens\CurrenciesScreens\clsFindCurrencyScreen.h(6,10): warning C4067: unexpected tokens following preprocessor directive - expected a newline
  (compiling source file 'BankSystem.cpp')
  
C:\Users\mahmo\source\repos\BankSystem\BankSystem\Screens\CurrenciesScreens\clsCurrencyExchangeScreen.h(9,10): warning C4067: unexpected tokens following preprocessor directive - expected a newline
  (compiling source file 'BankSystem.cpp')
  
C:\Users\mahmo\source\repos\BankSystem\BankSystem\Screens\CurrenciesScreens\clsUpdateCurrencyRateScreen.h(4,10): warning C4067: unexpected tokens following preprocessor directive - expected a newline
  (compiling source file 'BankSystem.cpp')
  
C:\Users\mahmo\source\repos\BankSystem\BankSystem\Screens\CurrenciesScreens\clsUpdateCurrencyRateScreen.h(5,10): warning C4067: unexpected tokens following preprocessor directive - expected a newline
  (compiling source file 'BankSystem.cpp')
  
C:\Users\mahmo\source\repos\BankSystem\BankSystem\Screens\CurrenciesScreens\clsUpdateCurrencyRateScreen.h(6,10): warning C4067: unexpected tokens following preprocessor directive - expected a newline
  (compiling source file 'BankSystem.cpp')
  
C:\Users\mahmo\source\repos\BankSystem\BankSystem\Screens\CurrenciesScreens\clsUpdateCurrencyRateScreen.h(15,43): warning C4244: '=': conversion from 'double' to 'float', possible loss of data
  (compiling source file 'BankSystem.cpp')
  
C:\Users\mahmo\source\repos\BankSystem\BankSystem\Screens\CurrenciesScreens\clsCurrencyExchangeScreen.h(10,10): warning C4067: unexpected tokens following preprocessor directive - expected a newline
  (compiling source file 'BankSystem.cpp')
  
C:\Users\mahmo\source\repos\BankSystem\BankSystem\Screens\CurrenciesScreens\clsCurrencyCalculatorScreen.h(4,10): warning C4067: unexpected tokens following preprocessor directive - expected a newline
  (compiling source file 'BankSystem.cpp')
  
C:\Users\mahmo\source\repos\BankSystem\BankSystem\Screens\CurrenciesScreens\clsCurrencyCalculatorScreen.h(5,10): warning C4067: unexpected tokens following preprocessor directive - expected a newline
  (compiling source file 'BankSystem.cpp')
  
C:\Users\mahmo\source\repos\BankSystem\BankSystem\Screens\CurrenciesScreens\clsCurrencyCalculatorScreen.h(6,10): warning C4067: unexpected tokens following preprocessor directive - expected a newline
  (compiling source file 'BankSystem.cpp')
  
C:\Users\mahmo\source\repos\BankSystem\BankSystem\Screens\CurrenciesScreens\clsCurrencyCalculatorScreen.h(32,45): warning C4244: '=': conversion from 'double' to 'float', possible loss of data
  (compiling source file 'BankSystem.cpp')
  
C:\Users\mahmo\source\repos\BankSystem\BankSystem\Screens\CurrenciesScreens\clsCurrencyExchangeScreen.h(97,38): warning C4129: 'C': unrecognized character escape sequence
  (compiling source file 'BankSystem.cpp')
  
C:\Users\mahmo\source\repos\BankSystem\BankSystem\BankSystem.cpp(12,10): warning C4067: unexpected tokens following preprocessor directive - expected a newline
C:\Users\mahmo\source\repos\BankSystem\BankSystem\Screens\Main\clsLoginScreen.h(4,10): warning C4067: unexpected tokens following preprocessor directive - expected a newline
  (compiling source file 'BankSystem.cpp')
  
C:\Users\mahmo\source\repos\BankSystem\BankSystem\Screens\Main\clsLoginScreen.h(5,10): warning C4067: unexpected tokens following preprocessor directive - expected a newline
  (compiling source file 'BankSystem.cpp')
  
C:\Users\mahmo\source\repos\BankSystem\BankSystem\BankSystem.cpp(13,10): warning C4067: unexpected tokens following preprocessor directive - expected a newline
C:\Users\mahmo\source\repos\BankSystem\BankSystem\Core\clsBankClient.h(350,1): warning C4715: 'clsBankClient::Save': not all control paths return a value
C:\Users\mahmo\source\repos\BankSystem\BankSystem\Core\clsCurrency.h(171,1): warning C4715: 'clsCurrency::FindByCurrencyCode': not all control paths return a value
C:\Users\mahmo\source\repos\BankSystem\BankSystem\Core\clsCurrency.h(196,1): warning C4715: 'clsCurrency::FindByCurrencyName': not all control paths return a value
C:\Users\mahmo\source\repos\BankSystem\BankSystem\Core\clsUser.h(240,1): warning C4715: 'clsUser::Save': not all control paths return a value
  BankSystem.vcxproj -> C:\Users\mahmo\source\repos\BankSystem\x64\Debug\BankSystem.exe
